<?xml version="1.0" encoding="UTF-8"?>
<robot generator="Robot 5.0.1 (Python 3.7.9 on linux)" generated="20220810 11:53:33.401" rpa="false" schemaversion="3">
<suite id="s1" name="Tads Tests" source="/home/leonardozanotti/Desktop/projetos-linux/RobotFrameworkTestCase/tads_tests.robot">
<test id="s1-t1" name="TEST CASE 1: Verify internship page" line="12">
<kw name="Open the browser" library="tads_resources" type="SETUP">
<kw name="Open Browser" library="SeleniumLibrary">
<arg>browser-${BROWSER}</arg>
<doc>Opens a new browser instance to the optional ``url``.</doc>
<msg timestamp="20220810 11:53:33.544" level="INFO">Opening browser 'firefox' to base url 'browser-firefox'.</msg>
<msg timestamp="20220810 11:53:33.545" level="INFO">Firefox driver log is always forced to to: /home/leonardozanotti/Desktop/projetos-linux/RobotFrameworkTestCase/geckodriver-1.log</msg>
<msg timestamp="20220810 11:53:35.864" level="INFO" html="true">&lt;/td&gt;&lt;/tr&gt;&lt;tr&gt;&lt;td colspan="3"&gt;&lt;a href="selenium-screenshot-1.png"&gt;&lt;img src="selenium-screenshot-1.png" width="800px"&gt;&lt;/a&gt;</msg>
<msg timestamp="20220810 11:53:35.867" level="FAIL">InvalidArgumentException: Message: Malformed URL: URL constructor: browser-firefox is not a valid URL.
Stacktrace:
WebDriverError@chrome://marionette/content/error.js:175:5
InvalidArgumentError@chrome://marionette/content/error.js:304:5
GeckoDriver.prototype.navigateTo@chrome://marionette/content/driver.js:1215:11
</msg>
<status status="FAIL" starttime="20220810 11:53:33.544" endtime="20220810 11:53:35.869"/>
</kw>
<kw name="Maximize Browser Window" library="SeleniumLibrary">
<doc>Maximizes current browser window.</doc>
<status status="NOT RUN" starttime="20220810 11:53:35.869" endtime="20220810 11:53:35.869"/>
</kw>
<status status="FAIL" starttime="20220810 11:53:33.543" endtime="20220810 11:53:35.870"/>
</kw>
<kw name="Close the browser" library="tads_resources" type="TEARDOWN">
<kw name="Close Browser" library="SeleniumLibrary">
<doc>Closes the current browser.</doc>
<status status="PASS" starttime="20220810 11:53:35.872" endtime="20220810 11:53:38.453"/>
</kw>
<status status="PASS" starttime="20220810 11:53:35.871" endtime="20220810 11:53:38.454"/>
</kw>
<doc>Access internship menu in the tads website</doc>
<tag>internship</tag>
<status status="FAIL" starttime="20220810 11:53:33.543" endtime="20220810 11:53:38.454">Setup failed:
InvalidArgumentException: Message: Malformed URL: URL constructor: browser-firefox is not a valid URL.
Stacktrace:
WebDriverError@chrome://marionette/content/error.js:175:5
InvalidArgumentError@chrome://marionette/content/error.js:304:5
GeckoDriver.prototype.navigateTo@chrome://marionette/content/driver.js:1215:11
</status>
</test>
<doc>Verify TADS page</doc>
<status status="FAIL" starttime="20220810 11:53:33.402" endtime="20220810 11:53:38.456"/>
</suite>
<statistics>
<total>
<stat pass="0" fail="1" skip="0">All Tests</stat>
</total>
<tag>
<stat pass="0" fail="1" skip="0">internship</stat>
</tag>
<suite>
<stat pass="0" fail="1" skip="0" id="s1" name="Tads Tests">Tads Tests</stat>
</suite>
</statistics>
<errors>
</errors>
</robot>
